# JRE version: Java(TM) SE Runtime Environment (21.0.3+7) (build 21.0.3+7-LTS-152)
# Java VM: Java HotSpot(TM) 64-Bit Server VM (21.0.3+7-LTS-152, mixed mode, emulated-client, sharing, tiered, compressed oops, compressed class ptrs, g1 gc, windows-amd64)
GC Precious Log:
 CardTable entry size: 512
 Card Set container configuration: InlinePtr #cards 5 size 8 Array Of Cards #cards 12 size 40 Howl #buckets 4 coarsen threshold 1843 Howl Bitmap #cards 512 size 80 coarsen threshold 460 Card regions per heap region 1 cards per card region 2048
 CPUs: 4 total, 4 available
 Memory: 7934M
 Large Page Support: Disabled
 NUMA Support: Disabled
 Compressed Oops: Enabled (32-bit)
 Heap Region Size: 1M
 Heap Min Capacity: 8M
 Heap Initial Capacity: 124M
 Heap Max Capacity: 1984M
 Pre-touch: Disabled
 Parallel Workers: 4
 Concurrent Workers: 1
 Concurrent Refinement Workers: 4
 Periodic GC: Disabled
Heap:
 garbage-first heap   total 73728K, used 57664K [0x0000000084000000, 0x0000000100000000)
  region size 1024K, 36 young (36864K), 3 survivors (3072K)
 Metaspace       used 44300K, committed 44800K, reserved 1114112K
  class space    used 6293K, committed 6528K, reserved 1048576K
GC Heap History (14 events):
Event: 0.481 GC heap before
{Heap before GC invocations=0 (full 0):
 garbage-first heap   total 126976K, used 14336K [0x0000000084000000, 0x0000000100000000)
  region size 1024K, 13 young (13312K), 0 survivors (0K)
 Metaspace       used 2024K, committed 2240K, reserved 1114112K
  class space    used 251K, committed 384K, reserved 1048576K
}
Event: 0.485 GC heap after
{Heap after GC invocations=1 (full 0):
 garbage-first heap   total 126976K, used 7794K [0x0000000084000000, 0x0000000100000000)
  region size 1024K, 2 young (2048K), 2 survivors (2048K)
 Metaspace       used 2024K, committed 2240K, reserved 1114112K
  class space    used 251K, committed 384K, reserved 1048576K
}
Event: 0.790 GC heap before
{Heap before GC invocations=1 (full 0):
 garbage-first heap   total 126976K, used 17010K [0x0000000084000000, 0x0000000100000000)
  region size 1024K, 12 young (12288K), 2 survivors (2048K)
 Metaspace       used 5263K, committed 5504K, reserved 1114112K
  class space    used 711K, committed 832K, reserved 1048576K
}
Event: 0.794 GC heap after
{Heap after GC invocations=2 (full 0):
 garbage-first heap   total 126976K, used 8852K [0x0000000084000000, 0x0000000100000000)
  region size 1024K, 1 young (1024K), 1 survivors (1024K)
 Metaspace       used 5263K, committed 5504K, reserved 1114112K
  class space    used 711K, committed 832K, reserved 1048576K
}
Event: 1.403 GC heap before
{Heap before GC invocations=2 (full 0):
 garbage-first heap   total 126976K, used 41620K [0x0000000084000000, 0x0000000100000000)
  region size 1024K, 33 young (33792K), 1 survivors (1024K)
 Metaspace       used 12404K, committed 12800K, reserved 1114112K
  class space    used 1881K, committed 2048K, reserved 1048576K
}
Event: 1.408 GC heap after
{Heap after GC invocations=3 (full 0):
 garbage-first heap   total 126976K, used 11310K [0x0000000084000000, 0x0000000100000000)
  region size 1024K, 4 young (4096K), 4 survivors (4096K)
 Metaspace       used 12404K, committed 12800K, reserved 1114112K
  class space    used 1881K, committed 2048K, reserved 1048576K
}
Event: 2.268 GC heap before
{Heap before GC invocations=3 (full 0):
 garbage-first heap   total 126976K, used 65582K [0x0000000084000000, 0x0000000100000000)
  region size 1024K, 59 young (60416K), 4 survivors (4096K)
 Metaspace       used 21131K, committed 21504K, reserved 1114112K
  class space    used 2978K, committed 3136K, reserved 1048576K
}
Event: 2.278 GC heap after
{Heap after GC invocations=4 (full 0):
 garbage-first heap   total 126976K, used 16735K [0x0000000084000000, 0x0000000100000000)
  region size 1024K, 9 young (9216K), 9 survivors (9216K)
 Metaspace       used 21131K, committed 21504K, reserved 1114112K
  class space    used 2978K, committed 3136K, reserved 1048576K
}
Event: 2.886 GC heap before
{Heap before GC invocations=5 (full 0):
 garbage-first heap   total 61440K, used 44383K [0x0000000084000000, 0x0000000100000000)
  region size 1024K, 36 young (36864K), 9 survivors (9216K)
 Metaspace       used 24735K, committed 25216K, reserved 1114112K
  class space    used 3493K, committed 3712K, reserved 1048576K
}
Event: 2.902 GC heap after
{Heap after GC invocations=6 (full 0):
 garbage-first heap   total 61440K, used 19032K [0x0000000084000000, 0x0000000100000000)
  region size 1024K, 2 young (2048K), 2 survivors (2048K)
 Metaspace       used 24735K, committed 25216K, reserved 1114112K
  class space    used 3493K, committed 3712K, reserved 1048576K
}
Event: 3.571 GC heap before
{Heap before GC invocations=6 (full 0):
 garbage-first heap   total 61440K, used 48728K [0x0000000084000000, 0x0000000100000000)
  region size 1024K, 31 young (31744K), 2 survivors (2048K)
 Metaspace       used 29757K, committed 30208K, reserved 1114112K
  class space    used 4224K, committed 4416K, reserved 1048576K
}
Event: 3.579 GC heap after
{Heap after GC invocations=7 (full 0):
 garbage-first heap   total 61440K, used 22016K [0x0000000084000000, 0x0000000100000000)
  region size 1024K, 4 young (4096K), 4 survivors (4096K)
 Metaspace       used 29757K, committed 30208K, reserved 1114112K
  class space    used 4224K, committed 4416K, reserved 1048576K
}
Event: 4.236 GC heap before
{Heap before GC invocations=7 (full 0):
 garbage-first heap   total 61440K, used 47616K [0x0000000084000000, 0x0000000100000000)
  region size 1024K, 31 young (31744K), 4 survivors (4096K)
 Metaspace       used 35564K, committed 36096K, reserved 1114112K
  class space    used 5048K, committed 5312K, reserved 1048576K
}
Event: 4.248 GC heap after
{Heap after GC invocations=8 (full 0):
 garbage-first heap   total 73728K, used 24896K [0x0000000084000000, 0x0000000100000000)
  region size 1024K, 3 young (3072K), 3 survivors (3072K)
 Metaspace       used 35564K, committed 36096K, reserved 1114112K
  class space    used 5048K, committed 5312K, reserved 1048576K
}

